t:\dropbox\ubc\ra\box2d-2.3.0\box2d\build\vs2012\bin\debug\freeglut.pdb
t:\dropbox\ubc\ra\box2d-2.3.0\box2d\build\vs2012\bin\debug\freeglut.idb
t:\dropbox\ubc\ra\box2d-2.3.0\box2d\build\vs2012\obj\x32\debug\freeglut\freeglut_font.obj
t:\dropbox\ubc\ra\box2d-2.3.0\box2d\build\vs2012\obj\x32\debug\freeglut\freeglut_font_data.obj
t:\dropbox\ubc\ra\box2d-2.3.0\box2d\build\vs2012\obj\x32\debug\freeglut\freeglut_gamemode.obj
t:\dropbox\ubc\ra\box2d-2.3.0\box2d\build\vs2012\obj\x32\debug\freeglut\freeglut_geometry.obj
t:\dropbox\ubc\ra\box2d-2.3.0\box2d\build\vs2012\obj\x32\debug\freeglut\freeglut_glutfont_definitions.obj
t:\dropbox\ubc\ra\box2d-2.3.0\box2d\build\vs2012\obj\x32\debug\freeglut\freeglut_init.obj
t:\dropbox\ubc\ra\box2d-2.3.0\box2d\build\vs2012\obj\x32\debug\freeglut\freeglut_input_devices.obj
t:\dropbox\ubc\ra\box2d-2.3.0\box2d\build\vs2012\obj\x32\debug\freeglut\freeglut_joystick.obj
t:\dropbox\ubc\ra\box2d-2.3.0\box2d\build\vs2012\obj\x32\debug\freeglut\freeglut_main.obj
t:\dropbox\ubc\ra\box2d-2.3.0\box2d\build\vs2012\obj\x32\debug\freeglut\freeglut_menu.obj
t:\dropbox\ubc\ra\box2d-2.3.0\box2d\build\vs2012\obj\x32\debug\freeglut\freeglut_misc.obj
t:\dropbox\ubc\ra\box2d-2.3.0\box2d\build\vs2012\obj\x32\debug\freeglut\freeglut_overlay.obj
t:\dropbox\ubc\ra\box2d-2.3.0\box2d\build\vs2012\obj\x32\debug\freeglut\freeglut_spaceball.obj
t:\dropbox\ubc\ra\box2d-2.3.0\box2d\build\vs2012\obj\x32\debug\freeglut\freeglut_state.obj
t:\dropbox\ubc\ra\box2d-2.3.0\box2d\build\vs2012\obj\x32\debug\freeglut\freeglut_stroke_mono_roman.obj
t:\dropbox\ubc\ra\box2d-2.3.0\box2d\build\vs2012\obj\x32\debug\freeglut\freeglut_stroke_roman.obj
t:\dropbox\ubc\ra\box2d-2.3.0\box2d\build\vs2012\obj\x32\debug\freeglut\freeglut_structure.obj
t:\dropbox\ubc\ra\box2d-2.3.0\box2d\build\vs2012\obj\x32\debug\freeglut\freeglut_teapot.obj
t:\dropbox\ubc\ra\box2d-2.3.0\box2d\build\vs2012\obj\x32\debug\freeglut\freeglut_videoresize.obj
t:\dropbox\ubc\ra\box2d-2.3.0\box2d\build\vs2012\obj\x32\debug\freeglut\freeglut_window.obj
t:\dropbox\ubc\ra\box2d-2.3.0\box2d\build\vs2012\obj\x32\debug\freeglut\freeglut_callbacks.obj
t:\dropbox\ubc\ra\box2d-2.3.0\box2d\build\vs2012\obj\x32\debug\freeglut\freeglut_cursor.obj
t:\dropbox\ubc\ra\box2d-2.3.0\box2d\build\vs2012\obj\x32\debug\freeglut\freeglut_display.obj
t:\dropbox\ubc\ra\box2d-2.3.0\box2d\build\vs2012\obj\x32\debug\freeglut\freeglut_ext.obj
t:\dropbox\ubc\ra\box2d-2.3.0\box2d\build\vs2012\bin\debug\freeglut.lib
t:\dropbox\ubc\ra\box2d-2.3.0\box2d\build\vs2012\obj\x32\debug\freeglut\freeglut.tlog\cl.command.1.tlog
t:\dropbox\ubc\ra\box2d-2.3.0\box2d\build\vs2012\obj\x32\debug\freeglut\freeglut.tlog\cl.read.1.tlog
t:\dropbox\ubc\ra\box2d-2.3.0\box2d\build\vs2012\obj\x32\debug\freeglut\freeglut.tlog\cl.write.1.tlog
t:\dropbox\ubc\ra\box2d-2.3.0\box2d\build\vs2012\obj\x32\debug\freeglut\freeglut.tlog\lib-link.read.1.tlog
t:\dropbox\ubc\ra\box2d-2.3.0\box2d\build\vs2012\obj\x32\debug\freeglut\freeglut.tlog\lib-link.write.1.tlog
t:\dropbox\ubc\ra\box2d-2.3.0\box2d\build\vs2012\obj\x32\debug\freeglut\freeglut.tlog\lib.command.1.tlog
