t:\dropbox\ubc\ra\box2d-2.3.0\box2d\build\vs2012\bin\debug\glui.pdb
t:\dropbox\ubc\ra\box2d-2.3.0\box2d\build\vs2012\bin\debug\glui.idb
t:\dropbox\ubc\ra\box2d-2.3.0\box2d\build\vs2012\obj\x32\debug\glui\glui_filebrowser.obj
t:\dropbox\ubc\ra\box2d-2.3.0\box2d\build\vs2012\obj\x32\debug\glui\glui_list.obj
t:\dropbox\ubc\ra\box2d-2.3.0\box2d\build\vs2012\obj\x32\debug\glui\glui_listbox.obj
t:\dropbox\ubc\ra\box2d-2.3.0\box2d\build\vs2012\obj\x32\debug\glui\glui_mouse_iaction.obj
t:\dropbox\ubc\ra\box2d-2.3.0\box2d\build\vs2012\obj\x32\debug\glui\glui_node.obj
t:\dropbox\ubc\ra\box2d-2.3.0\box2d\build\vs2012\obj\x32\debug\glui\glui_panel.obj
t:\dropbox\ubc\ra\box2d-2.3.0\box2d\build\vs2012\obj\x32\debug\glui\glui_radio.obj
t:\dropbox\ubc\ra\box2d-2.3.0\box2d\build\vs2012\obj\x32\debug\glui\glui_rollout.obj
t:\dropbox\ubc\ra\box2d-2.3.0\box2d\build\vs2012\obj\x32\debug\glui\glui_rotation.obj
t:\dropbox\ubc\ra\box2d-2.3.0\box2d\build\vs2012\obj\x32\debug\glui\glui_scrollbar.obj
t:\dropbox\ubc\ra\box2d-2.3.0\box2d\build\vs2012\obj\x32\debug\glui\glui_separator.obj
t:\dropbox\ubc\ra\box2d-2.3.0\box2d\build\vs2012\obj\x32\debug\glui\glui_spinner.obj
t:\dropbox\ubc\ra\box2d-2.3.0\box2d\build\vs2012\obj\x32\debug\glui\glui_statictext.obj
t:\dropbox\ubc\ra\box2d-2.3.0\box2d\build\vs2012\obj\x32\debug\glui\glui_string.obj
t:\dropbox\ubc\ra\box2d-2.3.0\box2d\build\vs2012\obj\x32\debug\glui\glui_textbox.obj
t:\dropbox\ubc\ra\box2d-2.3.0\box2d\build\vs2012\obj\x32\debug\glui\glui_translation.obj
t:\dropbox\ubc\ra\box2d-2.3.0\box2d\build\vs2012\obj\x32\debug\glui\glui_tree.obj
t:\dropbox\ubc\ra\box2d-2.3.0\box2d\build\vs2012\obj\x32\debug\glui\glui_treepanel.obj
t:\dropbox\ubc\ra\box2d-2.3.0\box2d\build\vs2012\obj\x32\debug\glui\glui_window.obj
t:\dropbox\ubc\ra\box2d-2.3.0\box2d\build\vs2012\obj\x32\debug\glui\quaternion.obj
t:\dropbox\ubc\ra\box2d-2.3.0\box2d\build\vs2012\obj\x32\debug\glui\algebra3.obj
t:\dropbox\ubc\ra\box2d-2.3.0\box2d\build\vs2012\obj\x32\debug\glui\arcball.obj
t:\dropbox\ubc\ra\box2d-2.3.0\box2d\build\vs2012\obj\x32\debug\glui\glui.obj
t:\dropbox\ubc\ra\box2d-2.3.0\box2d\build\vs2012\obj\x32\debug\glui\glui_add_controls.obj
t:\dropbox\ubc\ra\box2d-2.3.0\box2d\build\vs2012\obj\x32\debug\glui\glui_bitmaps.obj
t:\dropbox\ubc\ra\box2d-2.3.0\box2d\build\vs2012\obj\x32\debug\glui\glui_bitmap_img_data.obj
t:\dropbox\ubc\ra\box2d-2.3.0\box2d\build\vs2012\obj\x32\debug\glui\glui_button.obj
t:\dropbox\ubc\ra\box2d-2.3.0\box2d\build\vs2012\obj\x32\debug\glui\glui_checkbox.obj
t:\dropbox\ubc\ra\box2d-2.3.0\box2d\build\vs2012\obj\x32\debug\glui\glui_column.obj
t:\dropbox\ubc\ra\box2d-2.3.0\box2d\build\vs2012\obj\x32\debug\glui\glui_commandline.obj
t:\dropbox\ubc\ra\box2d-2.3.0\box2d\build\vs2012\obj\x32\debug\glui\glui_control.obj
t:\dropbox\ubc\ra\box2d-2.3.0\box2d\build\vs2012\obj\x32\debug\glui\glui_edittext.obj
t:\dropbox\ubc\ra\box2d-2.3.0\box2d\build\vs2012\bin\debug\glui.lib
t:\dropbox\ubc\ra\box2d-2.3.0\box2d\build\vs2012\obj\x32\debug\glui\glui.tlog\cl.command.1.tlog
t:\dropbox\ubc\ra\box2d-2.3.0\box2d\build\vs2012\obj\x32\debug\glui\glui.tlog\cl.read.1.tlog
t:\dropbox\ubc\ra\box2d-2.3.0\box2d\build\vs2012\obj\x32\debug\glui\glui.tlog\cl.write.1.tlog
t:\dropbox\ubc\ra\box2d-2.3.0\box2d\build\vs2012\obj\x32\debug\glui\glui.tlog\lib-link.read.1.tlog
t:\dropbox\ubc\ra\box2d-2.3.0\box2d\build\vs2012\obj\x32\debug\glui\glui.tlog\lib-link.write.1.tlog
t:\dropbox\ubc\ra\box2d-2.3.0\box2d\build\vs2012\obj\x32\debug\glui\glui.tlog\lib.command.1.tlog
