t:\dropbox\ubc\ra\box2d-2.3.0\box2d\build\vs2012\bin\debug\box2d.pdb
t:\dropbox\ubc\ra\box2d-2.3.0\box2d\build\vs2012\bin\debug\box2d.idb
t:\dropbox\ubc\ra\box2d-2.3.0\box2d\build\vs2012\obj\x32\debug\box2d\b2chainandpolygoncontact.obj
t:\dropbox\ubc\ra\box2d-2.3.0\box2d\build\vs2012\obj\x32\debug\box2d\b2circlecontact.obj
t:\dropbox\ubc\ra\box2d-2.3.0\box2d\build\vs2012\obj\x32\debug\box2d\b2contact.obj
t:\dropbox\ubc\ra\box2d-2.3.0\box2d\build\vs2012\obj\x32\debug\box2d\b2contactsolver.obj
t:\dropbox\ubc\ra\box2d-2.3.0\box2d\build\vs2012\obj\x32\debug\box2d\b2edgeandcirclecontact.obj
t:\dropbox\ubc\ra\box2d-2.3.0\box2d\build\vs2012\obj\x32\debug\box2d\b2edgeandpolygoncontact.obj
t:\dropbox\ubc\ra\box2d-2.3.0\box2d\build\vs2012\obj\x32\debug\box2d\b2polygonandcirclecontact.obj
t:\dropbox\ubc\ra\box2d-2.3.0\box2d\build\vs2012\obj\x32\debug\box2d\b2polygoncontact.obj
t:\dropbox\ubc\ra\box2d-2.3.0\box2d\build\vs2012\obj\x32\debug\box2d\b2distancejoint.obj
t:\dropbox\ubc\ra\box2d-2.3.0\box2d\build\vs2012\obj\x32\debug\box2d\b2frictionjoint.obj
t:\dropbox\ubc\ra\box2d-2.3.0\box2d\build\vs2012\obj\x32\debug\box2d\b2gearjoint.obj
t:\dropbox\ubc\ra\box2d-2.3.0\box2d\build\vs2012\obj\x32\debug\box2d\b2joint.obj
t:\dropbox\ubc\ra\box2d-2.3.0\box2d\build\vs2012\obj\x32\debug\box2d\b2motorjoint.obj
t:\dropbox\ubc\ra\box2d-2.3.0\box2d\build\vs2012\obj\x32\debug\box2d\b2mousejoint.obj
t:\dropbox\ubc\ra\box2d-2.3.0\box2d\build\vs2012\obj\x32\debug\box2d\b2prismaticjoint.obj
t:\dropbox\ubc\ra\box2d-2.3.0\box2d\build\vs2012\obj\x32\debug\box2d\b2pulleyjoint.obj
t:\dropbox\ubc\ra\box2d-2.3.0\box2d\build\vs2012\obj\x32\debug\box2d\b2revolutejoint.obj
t:\dropbox\ubc\ra\box2d-2.3.0\box2d\build\vs2012\obj\x32\debug\box2d\b2ropejoint.obj
t:\dropbox\ubc\ra\box2d-2.3.0\box2d\build\vs2012\obj\x32\debug\box2d\b2weldjoint.obj
t:\dropbox\ubc\ra\box2d-2.3.0\box2d\build\vs2012\obj\x32\debug\box2d\b2wheeljoint.obj
t:\dropbox\ubc\ra\box2d-2.3.0\box2d\build\vs2012\obj\x32\debug\box2d\b2distance.obj
t:\dropbox\ubc\ra\box2d-2.3.0\box2d\build\vs2012\obj\x32\debug\box2d\b2dynamictree.obj
t:\dropbox\ubc\ra\box2d-2.3.0\box2d\build\vs2012\obj\x32\debug\box2d\b2timeofimpact.obj
t:\dropbox\ubc\ra\box2d-2.3.0\box2d\build\vs2012\obj\x32\debug\box2d\b2chainshape.obj
t:\dropbox\ubc\ra\box2d-2.3.0\box2d\build\vs2012\obj\x32\debug\box2d\b2circleshape.obj
t:\dropbox\ubc\ra\box2d-2.3.0\box2d\build\vs2012\obj\x32\debug\box2d\b2edgeshape.obj
t:\dropbox\ubc\ra\box2d-2.3.0\box2d\build\vs2012\obj\x32\debug\box2d\b2polygonshape.obj
t:\dropbox\ubc\ra\box2d-2.3.0\box2d\build\vs2012\obj\x32\debug\box2d\b2blockallocator.obj
t:\dropbox\ubc\ra\box2d-2.3.0\box2d\build\vs2012\obj\x32\debug\box2d\b2draw.obj
t:\dropbox\ubc\ra\box2d-2.3.0\box2d\build\vs2012\obj\x32\debug\box2d\b2math.obj
t:\dropbox\ubc\ra\box2d-2.3.0\box2d\build\vs2012\obj\x32\debug\box2d\b2settings.obj
t:\dropbox\ubc\ra\box2d-2.3.0\box2d\build\vs2012\obj\x32\debug\box2d\b2stackallocator.obj
t:\dropbox\ubc\ra\box2d-2.3.0\box2d\build\vs2012\obj\x32\debug\box2d\b2timer.obj
t:\dropbox\ubc\ra\box2d-2.3.0\box2d\build\vs2012\obj\x32\debug\box2d\b2body.obj
t:\dropbox\ubc\ra\box2d-2.3.0\box2d\build\vs2012\obj\x32\debug\box2d\b2contactmanager.obj
t:\dropbox\ubc\ra\box2d-2.3.0\box2d\build\vs2012\obj\x32\debug\box2d\b2fixture.obj
t:\dropbox\ubc\ra\box2d-2.3.0\box2d\build\vs2012\obj\x32\debug\box2d\b2island.obj
t:\dropbox\ubc\ra\box2d-2.3.0\box2d\build\vs2012\obj\x32\debug\box2d\b2world.obj
t:\dropbox\ubc\ra\box2d-2.3.0\box2d\build\vs2012\obj\x32\debug\box2d\b2worldcallbacks.obj
t:\dropbox\ubc\ra\box2d-2.3.0\box2d\build\vs2012\obj\x32\debug\box2d\b2chainandcirclecontact.obj
t:\dropbox\ubc\ra\box2d-2.3.0\box2d\build\vs2012\obj\x32\debug\box2d\b2broadphase.obj
t:\dropbox\ubc\ra\box2d-2.3.0\box2d\build\vs2012\obj\x32\debug\box2d\b2collidecircle.obj
t:\dropbox\ubc\ra\box2d-2.3.0\box2d\build\vs2012\obj\x32\debug\box2d\b2collideedge.obj
t:\dropbox\ubc\ra\box2d-2.3.0\box2d\build\vs2012\obj\x32\debug\box2d\b2collidepolygon.obj
t:\dropbox\ubc\ra\box2d-2.3.0\box2d\build\vs2012\obj\x32\debug\box2d\b2collision.obj
t:\dropbox\ubc\ra\box2d-2.3.0\box2d\build\vs2012\bin\debug\box2d.lib
t:\dropbox\ubc\ra\box2d-2.3.0\box2d\build\vs2012\obj\x32\debug\box2d\box2d.tlog\cl.command.1.tlog
t:\dropbox\ubc\ra\box2d-2.3.0\box2d\build\vs2012\obj\x32\debug\box2d\box2d.tlog\cl.read.1.tlog
t:\dropbox\ubc\ra\box2d-2.3.0\box2d\build\vs2012\obj\x32\debug\box2d\box2d.tlog\cl.write.1.tlog
t:\dropbox\ubc\ra\box2d-2.3.0\box2d\build\vs2012\obj\x32\debug\box2d\box2d.tlog\lib-link.read.1.tlog
t:\dropbox\ubc\ra\box2d-2.3.0\box2d\build\vs2012\obj\x32\debug\box2d\box2d.tlog\lib-link.write.1.tlog
t:\dropbox\ubc\ra\box2d-2.3.0\box2d\build\vs2012\obj\x32\debug\box2d\box2d.tlog\lib.command.1.tlog
